[2026-04-22 06:08:04Z INFO HostContext] No proxy settings were found based on environmental variables (http_proxy/https_proxy/HTTP_PROXY/HTTPS_PROXY)
[2026-04-22 06:08:04Z INFO HostContext] Well known directory 'Bin': 'C:\Users\kumbh\LPU\Sem8\INT334\CA2\FinTrack-main\actions-runner\bin'
[2026-04-22 06:08:04Z INFO HostContext] Well known directory 'Root': 'C:\Users\kumbh\LPU\Sem8\INT334\CA2\FinTrack-main\actions-runner'
[2026-04-22 06:08:04Z INFO HostContext] Well known config file 'Credentials': 'C:\Users\kumbh\LPU\Sem8\INT334\CA2\FinTrack-main\actions-runner\.credentials'
[2026-04-22 06:08:04Z INFO HostContext] Well known directory 'Bin': 'C:\Users\kumbh\LPU\Sem8\INT334\CA2\FinTrack-main\actions-runner\bin'
[2026-04-22 06:08:04Z INFO HostContext] Well known directory 'Root': 'C:\Users\kumbh\LPU\Sem8\INT334\CA2\FinTrack-main\actions-runner'
[2026-04-22 06:08:04Z INFO HostContext] Well known config file 'Runner': 'C:\Users\kumbh\LPU\Sem8\INT334\CA2\FinTrack-main\actions-runner\.runner'
[2026-04-22 06:08:04Z INFO Listener] Runner is built for Windows (X64) - win-x64.
[2026-04-22 06:08:04Z INFO Listener] RuntimeInformation: Microsoft Windows 10.0.26200.
[2026-04-22 06:08:04Z INFO Listener] Version: 2.333.1
[2026-04-22 06:08:04Z INFO Listener] Commit: 6792966801e8925346735b68c03bf9f347af4646
[2026-04-22 06:08:04Z INFO Listener] Culture: en-IN
[2026-04-22 06:08:04Z INFO Listener] UI Culture: en-US
[2026-04-22 06:08:04Z INFO HostContext] Well known directory 'Bin': 'C:\Users\kumbh\LPU\Sem8\INT334\CA2\FinTrack-main\actions-runner\bin'
[2026-04-22 06:08:04Z INFO HostContext] Well known directory 'Root': 'C:\Users\kumbh\LPU\Sem8\INT334\CA2\FinTrack-main\actions-runner'
[2026-04-22 06:08:04Z INFO Listener] Validating directory permissions for: 'C:\Users\kumbh\LPU\Sem8\INT334\CA2\FinTrack-main\actions-runner'
[2026-04-22 06:08:04Z INFO CommandLineParser] Parse
[2026-04-22 06:08:04Z INFO CommandLineParser] Parsing 5 args
[2026-04-22 06:08:04Z INFO CommandLineParser] parsing argument
[2026-04-22 06:08:04Z INFO CommandLineParser] HasArgs: False
[2026-04-22 06:08:04Z INFO CommandLineParser] Adding Command: configure
[2026-04-22 06:08:04Z INFO CommandLineParser] parsing argument
[2026-04-22 06:08:04Z INFO CommandLineParser] HasArgs: True
[2026-04-22 06:08:04Z INFO CommandLineParser] arg: url
[2026-04-22 06:08:04Z INFO CommandLineParser] parsing argument
[2026-04-22 06:08:04Z INFO CommandLineParser] HasArgs: True
[2026-04-22 06:08:04Z INFO CommandLineParser] Adding option 'url': 'https://github.com/VamshiTejaKumbham/FinTrack-AppAutomation'
[2026-04-22 06:08:04Z INFO CommandLineParser] parsing argument
[2026-04-22 06:08:04Z INFO CommandLineParser] HasArgs: True
[2026-04-22 06:08:04Z INFO CommandLineParser] arg: token
[2026-04-22 06:08:04Z INFO CommandLineParser] parsing argument
[2026-04-22 06:08:04Z INFO CommandLineParser] HasArgs: True
[2026-04-22 06:08:04Z INFO CommandLineParser] Adding option 'token': '***'
[2026-04-22 06:08:04Z INFO Listener] Arguments parsed
[2026-04-22 06:08:04Z INFO Runner] ExecuteCommand
[2026-04-22 06:08:04Z INFO ConfigurationStore] currentAssemblyLocation: C:\Users\kumbh\LPU\Sem8\INT334\CA2\FinTrack-main\actions-runner\bin\Runner.Listener.dll
[2026-04-22 06:08:04Z INFO HostContext] Well known directory 'Bin': 'C:\Users\kumbh\LPU\Sem8\INT334\CA2\FinTrack-main\actions-runner\bin'
[2026-04-22 06:08:04Z INFO ConfigurationStore] binPath: C:\Users\kumbh\LPU\Sem8\INT334\CA2\FinTrack-main\actions-runner\bin
[2026-04-22 06:08:04Z INFO HostContext] Well known directory 'Bin': 'C:\Users\kumbh\LPU\Sem8\INT334\CA2\FinTrack-main\actions-runner\bin'
[2026-04-22 06:08:04Z INFO HostContext] Well known directory 'Root': 'C:\Users\kumbh\LPU\Sem8\INT334\CA2\FinTrack-main\actions-runner'
[2026-04-22 06:08:04Z INFO ConfigurationStore] RootFolder: C:\Users\kumbh\LPU\Sem8\INT334\CA2\FinTrack-main\actions-runner
[2026-04-22 06:08:04Z INFO HostContext] Well known directory 'Bin': 'C:\Users\kumbh\LPU\Sem8\INT334\CA2\FinTrack-main\actions-runner\bin'
[2026-04-22 06:08:04Z INFO HostContext] Well known directory 'Root': 'C:\Users\kumbh\LPU\Sem8\INT334\CA2\FinTrack-main\actions-runner'
[2026-04-22 06:08:04Z INFO HostContext] Well known config file 'Runner': 'C:\Users\kumbh\LPU\Sem8\INT334\CA2\FinTrack-main\actions-runner\.runner'
[2026-04-22 06:08:04Z INFO ConfigurationStore] ConfigFilePath: C:\Users\kumbh\LPU\Sem8\INT334\CA2\FinTrack-main\actions-runner\.runner
[2026-04-22 06:08:04Z INFO HostContext] Well known directory 'Bin': 'C:\Users\kumbh\LPU\Sem8\INT334\CA2\FinTrack-main\actions-runner\bin'
[2026-04-22 06:08:04Z INFO HostContext] Well known directory 'Root': 'C:\Users\kumbh\LPU\Sem8\INT334\CA2\FinTrack-main\actions-runner'
[2026-04-22 06:08:04Z INFO HostContext] Well known config file 'MigratedRunner': 'C:\Users\kumbh\LPU\Sem8\INT334\CA2\FinTrack-main\actions-runner\.runner_migrated'
[2026-04-22 06:08:04Z INFO ConfigurationStore] MigratedConfigFilePath: C:\Users\kumbh\LPU\Sem8\INT334\CA2\FinTrack-main\actions-runner\.runner_migrated
[2026-04-22 06:08:04Z INFO HostContext] Well known directory 'Bin': 'C:\Users\kumbh\LPU\Sem8\INT334\CA2\FinTrack-main\actions-runner\bin'
[2026-04-22 06:08:04Z INFO HostContext] Well known directory 'Root': 'C:\Users\kumbh\LPU\Sem8\INT334\CA2\FinTrack-main\actions-runner'
[2026-04-22 06:08:04Z INFO HostContext] Well known config file 'Credentials': 'C:\Users\kumbh\LPU\Sem8\INT334\CA2\FinTrack-main\actions-runner\.credentials'
[2026-04-22 06:08:04Z INFO ConfigurationStore] CredFilePath: C:\Users\kumbh\LPU\Sem8\INT334\CA2\FinTrack-main\actions-runner\.credentials
[2026-04-22 06:08:04Z INFO HostContext] Well known directory 'Bin': 'C:\Users\kumbh\LPU\Sem8\INT334\CA2\FinTrack-main\actions-runner\bin'
[2026-04-22 06:08:04Z INFO HostContext] Well known directory 'Root': 'C:\Users\kumbh\LPU\Sem8\INT334\CA2\FinTrack-main\actions-runner'
[2026-04-22 06:08:04Z INFO HostContext] Well known config file 'MigratedCredentials': 'C:\Users\kumbh\LPU\Sem8\INT334\CA2\FinTrack-main\actions-runner\.credentials_migrated'
[2026-04-22 06:08:04Z INFO ConfigurationStore] MigratedCredFilePath: C:\Users\kumbh\LPU\Sem8\INT334\CA2\FinTrack-main\actions-runner\.credentials_migrated
[2026-04-22 06:08:04Z INFO HostContext] Well known directory 'Bin': 'C:\Users\kumbh\LPU\Sem8\INT334\CA2\FinTrack-main\actions-runner\bin'
[2026-04-22 06:08:04Z INFO HostContext] Well known directory 'Root': 'C:\Users\kumbh\LPU\Sem8\INT334\CA2\FinTrack-main\actions-runner'
[2026-04-22 06:08:04Z INFO HostContext] Well known config file 'Service': 'C:\Users\kumbh\LPU\Sem8\INT334\CA2\FinTrack-main\actions-runner\.service'
[2026-04-22 06:08:04Z INFO ConfigurationStore] ServiceConfigFilePath: C:\Users\kumbh\LPU\Sem8\INT334\CA2\FinTrack-main\actions-runner\.service
[2026-04-22 06:08:04Z INFO CommandSettings] Flag 'help': 'False'
[2026-04-22 06:08:04Z INFO CommandSettings] Flag 'version': 'False'
[2026-04-22 06:08:04Z INFO CommandSettings] Flag 'commit': 'False'
[2026-04-22 06:08:04Z INFO CommandSettings] Flag 'check': 'False'
[2026-04-22 06:08:04Z INFO CommandSettings] Command 'configure': 'True'
[2026-04-22 06:08:04Z INFO Terminal] WRITE LINE: 
[2026-04-22 06:08:04Z INFO Terminal] WRITE LINE: --------------------------------------------------------------------------------
[2026-04-22 06:08:04Z INFO Terminal] WRITE LINE: |        ____ _ _   _   _       _          _        _   _                      |
[2026-04-22 06:08:04Z INFO Terminal] WRITE LINE: |       / ___(_) |_| | | |_   _| |__      / \   ___| |_(_) ___  _ __  ___      |
[2026-04-22 06:08:04Z INFO Terminal] WRITE LINE: |      | |  _| | __| |_| | | | | '_ \    / _ \ / __| __| |/ _ \| '_ \/ __|     |
[2026-04-22 06:08:04Z INFO Terminal] WRITE LINE: |      | |_| | | |_|  _  | |_| | |_) |  / ___ \ (__| |_| | (_) | | | \__ \     |
[2026-04-22 06:08:04Z INFO Terminal] WRITE LINE: |       \____|_|\__|_| |_|\__,_|_.__/  /_/   \_\___|\__|_|\___/|_| |_|___/     |
[2026-04-22 06:08:04Z INFO Terminal] WRITE LINE: |                                                                              |
[2026-04-22 06:08:04Z INFO Terminal] WRITE: |                       
[2026-04-22 06:08:04Z INFO Terminal] WRITE: Self-hosted runner registration
[2026-04-22 06:08:04Z INFO Terminal] WRITE LINE:                         |
[2026-04-22 06:08:04Z INFO Terminal] WRITE LINE: |                                                                              |
[2026-04-22 06:08:04Z INFO Terminal] WRITE LINE: --------------------------------------------------------------------------------
[2026-04-22 06:08:04Z INFO ConfigurationManager] ConfigureAsync
[2026-04-22 06:08:04Z INFO CommandSettings] Flag 'generateServiceConfig': 'False'
[2026-04-22 06:08:04Z INFO ConfigurationStore] IsConfigured()
[2026-04-22 06:08:04Z INFO ConfigurationStore] IsConfigured: False
[2026-04-22 06:08:04Z INFO ConfigurationManager] Is configured: False
[2026-04-22 06:08:04Z INFO CommandSettings] Arg 'url': 'https://github.com/VamshiTejaKumbham/FinTrack-AppAutomation'
[2026-04-22 06:08:04Z INFO CommandSettings] Remove url from Arg dictionary.
[2026-04-22 06:08:04Z INFO CommandSettings] Arg 'token': '***'
[2026-04-22 06:08:04Z INFO CommandSettings] Remove token from Arg dictionary.
[2026-04-22 06:08:05Z INFO ConfigurationManager] Http response code: OK from 'POST https://api.github.com/actions/runner-registration' (ED27:3B18D2:6406F9:7752F1:69E865C4)
[2026-04-22 06:08:05Z INFO ConfigurationManager] Using runner-admin flow: False
[2026-04-22 06:08:05Z INFO ConfigurationManager] cred retrieved via GitHub auth
[2026-04-22 06:08:05Z INFO RunnerServer] EstablishVssConnection
[2026-04-22 06:08:05Z INFO RunnerServer] Establish connection with 100 seconds timeout.
[2026-04-22 06:08:05Z INFO GitHubActionsService] Starting operation Location.GetConnectionData
[2026-04-22 06:08:05Z INFO RunnerServer] EstablishVssConnection
[2026-04-22 06:08:05Z INFO RunnerServer] Establish connection with 60 seconds timeout.
[2026-04-22 06:08:05Z INFO GitHubActionsService] Starting operation Location.GetConnectionData
[2026-04-22 06:08:05Z INFO RunnerServer] EstablishVssConnection
[2026-04-22 06:08:05Z INFO RunnerServer] Establish connection with 60 seconds timeout.
[2026-04-22 06:08:05Z INFO GitHubActionsService] Starting operation Location.GetConnectionData
[2026-04-22 06:08:06Z INFO GitHubActionsService] Finished operation Location.GetConnectionData
[2026-04-22 06:08:06Z INFO GitHubActionsService] Finished operation Location.GetConnectionData
[2026-04-22 06:08:06Z INFO GitHubActionsService] Finished operation Location.GetConnectionData
[2026-04-22 06:08:06Z INFO Terminal] WRITE LINE: 
[2026-04-22 06:08:06Z INFO ConfigurationManager] Test Connection complete.
[2026-04-22 06:08:06Z INFO HostContext] Well known directory 'Bin': 'C:\Users\kumbh\LPU\Sem8\INT334\CA2\FinTrack-main\actions-runner\bin'
[2026-04-22 06:08:06Z INFO HostContext] Well known directory 'Root': 'C:\Users\kumbh\LPU\Sem8\INT334\CA2\FinTrack-main\actions-runner'
[2026-04-22 06:08:06Z INFO HostContext] Well known config file 'RSACredentials': 'C:\Users\kumbh\LPU\Sem8\INT334\CA2\FinTrack-main\actions-runner\.credentials_rsaparams'
[2026-04-22 06:08:06Z INFO RSAEncryptedFileKeyManager] Creating new RSA key using 2048-bit key length
[2026-04-22 06:08:06Z INFO RSAEncryptedFileKeyManager] Successfully saved RSA key parameters to file C:\Users\kumbh\LPU\Sem8\INT334\CA2\FinTrack-main\actions-runner\.credentials_rsaparams
[2026-04-22 06:08:07Z INFO CommandSettings] Arg 'runnergroup': ''
[2026-04-22 06:08:07Z INFO CommandSettings] Flag 'unattended': 'False'
[2026-04-22 06:08:07Z INFO PromptManager] ReadValue
[2026-04-22 06:08:07Z INFO Terminal] WRITE: Enter the name of the runner group to add this runner to: 
[2026-04-22 06:08:07Z INFO Terminal] WRITE: [press Enter for Default] 
[2026-04-22 06:08:07Z INFO Terminal] READ LINE
[2026-04-22 06:08:11Z INFO Terminal] Read value: ''
[2026-04-22 06:08:11Z INFO PromptManager] Falling back to the default: 'Default'
[2026-04-22 06:08:11Z INFO Terminal] WRITE LINE: 
[2026-04-22 06:08:11Z INFO ConfigurationManager] Found a self-hosted runner group with id 1 and name Default
[2026-04-22 06:08:11Z INFO CommandSettings] Flag 'disableupdate': 'False'
[2026-04-22 06:08:11Z INFO CommandSettings] Flag 'ephemeral': 'False'
[2026-04-22 06:08:11Z INFO CommandSettings] Arg 'name': ''
[2026-04-22 06:08:11Z INFO CommandSettings] Flag 'unattended': 'False'
[2026-04-22 06:08:11Z INFO PromptManager] ReadValue
[2026-04-22 06:08:11Z INFO Terminal] WRITE: Enter the name of runner: 
[2026-04-22 06:08:11Z INFO Terminal] WRITE: [press Enter for FRIDAY] 
[2026-04-22 06:08:11Z INFO Terminal] READ LINE
[2026-04-22 06:08:12Z INFO Terminal] Read value: ''
[2026-04-22 06:08:12Z INFO PromptManager] Falling back to the default: 'FRIDAY'
[2026-04-22 06:08:12Z INFO Terminal] WRITE LINE: 
[2026-04-22 06:08:12Z INFO CommandSettings] Arg 'labels': ''
[2026-04-22 06:08:12Z INFO CommandSettings] Flag 'unattended': 'False'
[2026-04-22 06:08:12Z INFO PromptManager] ReadValue
[2026-04-22 06:08:12Z INFO Terminal] WRITE: This runner will have the following labels: 'self-hosted', 'Windows', 'X64' 
Enter any additional labels (ex. label-1,label-2): 
[2026-04-22 06:08:12Z INFO Terminal] WRITE: [press Enter to skip] 
[2026-04-22 06:08:12Z INFO Terminal] READ LINE
[2026-04-22 06:08:12Z INFO Terminal] Read value: ''
[2026-04-22 06:08:12Z INFO Terminal] WRITE LINE: 
[2026-04-22 06:08:13Z INFO CommandSettings] Flag 'disableupdate': 'False'
[2026-04-22 06:08:13Z INFO CommandSettings] Flag 'no-default-labels': 'False'
[2026-04-22 06:08:13Z INFO CommandSettings] Flag 'disableupdate': 'False'
[2026-04-22 06:08:13Z INFO CommandSettings] Flag 'ephemeral': 'False'
[2026-04-22 06:08:13Z INFO ConfigurationStore] Saving OAuth credential @ C:\Users\kumbh\LPU\Sem8\INT334\CA2\FinTrack-main\actions-runner\.credentials
[2026-04-22 06:08:13Z INFO ConfigurationStore] Credentials Saved.
[2026-04-22 06:08:13Z INFO ConfigurationManager] Service enforced serverUrlV2: https://broker.actions.githubusercontent.com/
[2026-04-22 06:08:13Z INFO ConfigurationManager] Service enforced useV2Flow: True
[2026-04-22 06:08:13Z INFO CommandSettings] Arg 'work': ''
[2026-04-22 06:08:13Z INFO CommandSettings] Flag 'unattended': 'False'
[2026-04-22 06:08:13Z INFO PromptManager] ReadValue
[2026-04-22 06:08:13Z INFO Terminal] WRITE: Enter name of work folder: 
[2026-04-22 06:08:13Z INFO Terminal] WRITE: [press Enter for _work] 
[2026-04-22 06:08:13Z INFO Terminal] READ LINE
[2026-04-22 06:08:15Z INFO Terminal] Read value: ''
[2026-04-22 06:08:15Z INFO PromptManager] Falling back to the default: '_work'
[2026-04-22 06:08:15Z INFO ConfigurationStore] Saving runner settings.
[2026-04-22 06:08:15Z INFO ConfigurationStore] Settings Saved.
[2026-04-22 06:08:15Z INFO Terminal] WRITE LINE: 
[2026-04-22 06:08:15Z INFO Terminal] WRITE LINE: 
[2026-04-22 06:08:15Z INFO CommandSettings] Flag 'runasservice': 'False'
[2026-04-22 06:08:15Z INFO CommandSettings] Flag 'unattended': 'False'
[2026-04-22 06:08:15Z INFO PromptManager] ReadValue
[2026-04-22 06:08:15Z INFO Terminal] WRITE: Would you like to run the runner as service? (Y/N) 
[2026-04-22 06:08:15Z INFO Terminal] WRITE: [press Enter for N] 
[2026-04-22 06:08:15Z INFO Terminal] READ LINE
[2026-04-22 06:08:18Z INFO Terminal] Read value: 'Y'
[2026-04-22 06:08:18Z INFO ConfigurationManager] Configuring to run the agent as service
[2026-04-22 06:08:18Z INFO CommandSettings] Arg 'windowslogonaccount': ''
[2026-04-22 06:08:18Z INFO CommandSettings] Flag 'unattended': 'False'
[2026-04-22 06:08:18Z INFO PromptManager] ReadValue
[2026-04-22 06:08:18Z INFO Terminal] WRITE: User account to use for the service 
[2026-04-22 06:08:18Z INFO Terminal] WRITE: [press Enter for NT AUTHORITY\NETWORK SERVICE] 
[2026-04-22 06:08:18Z INFO Terminal] READ LINE
[2026-04-22 06:08:23Z INFO Terminal] Read value: ''
[2026-04-22 06:08:23Z INFO PromptManager] Falling back to the default: 'NT AUTHORITY\NETWORK SERVICE'
[2026-04-22 06:08:23Z INFO WindowsServiceControlManager] LogonAccount after transforming: NT AUTHORITY\NETWORK SERVICE, user: NETWORK SERVICE, domain: NT AUTHORITY
[2026-04-22 06:08:23Z INFO WindowsServiceControlManager] Service name 'actions.runner.VamshiTejaKumbham-FinTrack-AppAutomation.FRIDAY' display name 'GitHub Actions Runner (VamshiTejaKumbham-FinTrack-AppAutomation.FRIDAY)' will be used for service configuration.
[2026-04-22 06:08:23Z INFO WindowsServiceControlManager] Verifying if the account has LogonAsService permission
[2026-04-22 06:08:23Z INFO NativeWindowsServiceHelper] Successfully grant logon as service privilege to account 'NETWORK SERVICE'
[2026-04-22 06:08:23Z INFO WindowsServiceControlManager] Create local group and grant folder permission to service logon account.
[2026-04-22 06:08:23Z INFO HostContext] Well known directory 'Bin': 'C:\Users\kumbh\LPU\Sem8\INT334\CA2\FinTrack-main\actions-runner\bin'
[2026-04-22 06:08:23Z INFO HostContext] Well known directory 'Root': 'C:\Users\kumbh\LPU\Sem8\INT334\CA2\FinTrack-main\actions-runner'
[2026-04-22 06:08:23Z INFO ConfigurationStore] Read setting file: 411 chars
[2026-04-22 06:08:23Z INFO HostContext] Well known directory 'Bin': 'C:\Users\kumbh\LPU\Sem8\INT334\CA2\FinTrack-main\actions-runner\bin'
[2026-04-22 06:08:23Z INFO HostContext] Well known directory 'Root': 'C:\Users\kumbh\LPU\Sem8\INT334\CA2\FinTrack-main\actions-runner'
[2026-04-22 06:08:23Z INFO HostContext] Well known directory 'Work': 'C:\Users\kumbh\LPU\Sem8\INT334\CA2\FinTrack-main\actions-runner\_work'
[2026-04-22 06:08:23Z INFO HostContext] Well known directory 'Bin': 'C:\Users\kumbh\LPU\Sem8\INT334\CA2\FinTrack-main\actions-runner\bin'
[2026-04-22 06:08:23Z INFO NativeWindowsServiceHelper] Calculated unique group name GITHUB_ActionsRunner_G861e6
[2026-04-22 06:08:23Z INFO NativeWindowsServiceHelper] Trying to create group GITHUB_ActionsRunner_G861e6
[2026-04-22 06:08:23Z INFO NativeWindowsServiceHelper] Local Group 'GITHUB_ActionsRunner_G861e6' created
[2026-04-22 06:08:23Z INFO NativeWindowsServiceHelper] Trying to add userName NT AUTHORITY\NETWORK SERVICE to the group GITHUB_ActionsRunner_G861e6
[2026-04-22 06:08:23Z INFO NativeWindowsServiceHelper] Account 'NT AUTHORITY\NETWORK SERVICE' is added to local group 'GITHUB_ActionsRunner_G861e6'.
[2026-04-22 06:08:23Z INFO NativeWindowsServiceHelper] Set full access control to group for the folder C:\Users\kumbh\LPU\Sem8\INT334\CA2\FinTrack-main\actions-runner
[2026-04-22 06:08:23Z INFO NativeWindowsServiceHelper] Set full access control to group for the folder C:\Users\kumbh\LPU\Sem8\INT334\CA2\FinTrack-main\actions-runner\_work
[2026-04-22 06:08:23Z INFO NativeWindowsServiceHelper] Local group 'GITHUB_ActionsRunner_G861e6' already has full control to path 'C:\Users\kumbh\LPU\Sem8\INT334\CA2\FinTrack-main\actions-runner\_work'.
[2026-04-22 06:08:23Z INFO Terminal] WRITE LINE: Granting file permissions to 'NT AUTHORITY\NETWORK SERVICE'.
[2026-04-22 06:08:23Z INFO HostContext] Well known directory 'Bin': 'C:\Users\kumbh\LPU\Sem8\INT334\CA2\FinTrack-main\actions-runner\bin'
[2026-04-22 06:08:23Z INFO ProcessInvokerWrapper] Starting process:
[2026-04-22 06:08:23Z INFO ProcessInvokerWrapper]   File name: '"C:\Users\kumbh\LPU\Sem8\INT334\CA2\FinTrack-main\actions-runner\bin\RunnerService.exe"'
[2026-04-22 06:08:23Z INFO ProcessInvokerWrapper]   Arguments: 'init'
[2026-04-22 06:08:23Z INFO ProcessInvokerWrapper]   Working directory: ''
[2026-04-22 06:08:23Z INFO ProcessInvokerWrapper]   Require exit code zero: 'True'
[2026-04-22 06:08:23Z INFO ProcessInvokerWrapper]   Encoding web name:  ; code page: ''
[2026-04-22 06:08:23Z INFO ProcessInvokerWrapper]   Force kill process on cancellation: 'False'
[2026-04-22 06:08:23Z INFO ProcessInvokerWrapper]   Redirected STDIN: 'False'
[2026-04-22 06:08:23Z INFO ProcessInvokerWrapper]   Persist current code page: 'False'
[2026-04-22 06:08:23Z INFO ProcessInvokerWrapper]   Keep redirected STDIN open: 'False'
[2026-04-22 06:08:23Z INFO ProcessInvokerWrapper]   High priority process: 'False'
[2026-04-22 06:08:25Z INFO ProcessInvokerWrapper] Process started with process id 8132, waiting for process exit.
[2026-04-22 06:08:25Z INFO ProcessInvokerWrapper] STDOUT/STDERR stream read finished.
[2026-04-22 06:08:25Z INFO ProcessInvokerWrapper] STDOUT/STDERR stream read finished.
[2026-04-22 06:08:25Z INFO ProcessInvokerWrapper] Finished process 8132 with exit code 0, and elapsed time 00:00:01.8587463.
[2026-04-22 06:08:25Z INFO Terminal] WRITE LINE: Service actions.runner.VamshiTejaKumbham-FinTrack-AppAutomation.FRIDAY successfully installed
[2026-04-22 06:08:25Z INFO Terminal] WRITE LINE: Service actions.runner.VamshiTejaKumbham-FinTrack-AppAutomation.FRIDAY successfully set recovery option
[2026-04-22 06:08:25Z INFO Terminal] WRITE LINE: Service actions.runner.VamshiTejaKumbham-FinTrack-AppAutomation.FRIDAY successfully set to delayed auto start
[2026-04-22 06:08:25Z INFO Terminal] WRITE LINE: Service actions.runner.VamshiTejaKumbham-FinTrack-AppAutomation.FRIDAY successfully configured
[2026-04-22 06:08:25Z INFO HostContext] Well known directory 'Bin': 'C:\Users\kumbh\LPU\Sem8\INT334\CA2\FinTrack-main\actions-runner\bin'
[2026-04-22 06:08:25Z INFO HostContext] Well known directory 'Root': 'C:\Users\kumbh\LPU\Sem8\INT334\CA2\FinTrack-main\actions-runner'
[2026-04-22 06:08:25Z INFO HostContext] Well known config file 'Service': 'C:\Users\kumbh\LPU\Sem8\INT334\CA2\FinTrack-main\actions-runner\.service'
[2026-04-22 06:08:25Z INFO WindowsServiceControlManager] Configuration was successful, trying to start the service
[2026-04-22 06:08:25Z INFO Terminal] WRITE LINE: Waiting for service to start...
[2026-04-22 06:08:26Z INFO Terminal] WRITE LINE: Service actions.runner.VamshiTejaKumbham-FinTrack-AppAutomation.FRIDAY started successfully
[2026-04-22 06:08:26Z INFO Listener] Runner execution has finished with return code 0
